<?xml version="1.0" encoding="UTF-8"?>
<testsuite name="censusanalyser.CensusAnalyserTest" tests="1" skipped="0" failures="0" errors="0" timestamp="2020-04-06T09:53:10" hostname="rajchaudhari-HP-Notebook" time="0.098">
  <properties/>
  <testcase name="givenIndianCensusData_WithWrongFileHeader_ShouldThrowException" classname="censusanalyser.CensusAnalyserTest" time="0.098"/>
  <system-out><![CDATA[]]></system-out>
  <system-err><![CDATA[]]></system-err>
</testsuite>
