<?xml version="1.0" encoding="UTF-8"?>
<testsuite name="censusanalyser.CensusAnalyserTest" tests="1" skipped="0" failures="0" errors="0" timestamp="2020-04-10T19:16:50" hostname="rajchaudhari-HP-Notebook" time="0.297">
  <properties/>
  <testcase name="givenIndianCensusData_WhenSortedOnStateWrong_ShouldReturnWrongSortedResult" classname="censusanalyser.CensusAnalyserTest" time="0.297"/>
  <system-out><![CDATA[]]></system-out>
  <system-err><![CDATA[]]></system-err>
</testsuite>
