<?xml version="1.0" encoding="UTF-8"?>
<testsuite name="censusanalyser.CensusAnalyserTest" tests="13" skipped="0" failures="0" errors="0" timestamp="2020-04-12T13:54:33" hostname="rajchaudhari-HP-Notebook" time="0.599">
  <properties/>
  <testcase name="givenIndianCensusCSVFileReturnsCorrectRecords" classname="censusanalyser.CensusAnalyserTest" time="0.195"/>
  <testcase name="givenIndianCensusData_WithWrongFile_ShouldThrowException" classname="censusanalyser.CensusAnalyserTest" time="0.004"/>
  <testcase name="givenIndiaStateCode_WithWrongFile_ShouldThrowException" classname="censusanalyser.CensusAnalyserTest" time="0.003"/>
  <testcase name="givenIndianCensusData_WithWrongFileDelimeter_ShouldThrowException" classname="censusanalyser.CensusAnalyserTest" time="0.072"/>
  <testcase name="givenIndianCensusData_WithWrongFileHeader_ShouldThrowException" classname="censusanalyser.CensusAnalyserTest" time="0.017"/>
  <testcase name="givenIndianCensusData_WhenSortedOnState_ShouldReturnSortedResult" classname="censusanalyser.CensusAnalyserTest" time="0.125"/>
  <testcase name="givenIndianStateCodeCSVFileReturnsCorrectRecords" classname="censusanalyser.CensusAnalyserTest" time="0.024"/>
  <testcase name="givenIndianStateCode_WithWrongFile_ShouldThrowException" classname="censusanalyser.CensusAnalyserTest" time="0.001"/>
  <testcase name="givenIndiaCensusData_WithWrongFile_ShouldThrowException" classname="censusanalyser.CensusAnalyserTest" time="0.0"/>
  <testcase name="givenUSCSVFileReturnsCorrectRecords" classname="censusanalyser.CensusAnalyserTest" time="0.129"/>
  <testcase name="givenIndianCensusData_WhenSortedOnStateWrong_ShouldReturnWrongSortedResult" classname="censusanalyser.CensusAnalyserTest" time="0.022"/>
  <testcase name="givenIndianStateCode_WithWrongFileDelimeter_ShouldThrowException" classname="censusanalyser.CensusAnalyserTest" time="0.001"/>
  <testcase name="givenIndianStateCode_WithWrongFileHeader_ShouldThrowException" classname="censusanalyser.CensusAnalyserTest" time="0.001"/>
  <system-out><![CDATA[]]></system-out>
  <system-err><![CDATA[]]></system-err>
</testsuite>
